idx1 = 1, value = 2, diff = 1
	new running sum = 1
idx1 = 2, value = 1, diff = -1
	new running sum = 1
idx1 = 3, value = 5, diff = 2
	new running sum = 3
idx1 = 4, value = 6, diff = 2
	new running sum = 5
idx1 = 5, value = 3, diff = -2
	new running sum = 5
idx1 = 6, value = 4, diff = -2
	new running sum = 5
idx1 = 7, value = 9, diff = 2
	new running sum = 7
idx1 = 8, value = 8, diff = 0
	new running sum = 7
idx1 = 9, value = 11, diff = 2
	new running sum = 9
idx1 = 10, value = 7, diff = -3
	jumped_value increment
	new running sum = 10
idx1 = 11, value = 10, diff = -1
	new running sum = 10
idx1 = 12, value = 14, diff = 2
	new running sum = 12
idx1 = 13, value = 13, diff = 0
	new running sum = 12
idx1 = 14, value = 12, diff = -2
	jumped_value increment
	new running sum = 13
idx1 = 15, value = 17, diff = 2
	new running sum = 15
idx1 = 16, value = 16, diff = 0
	new running sum = 15
idx1 = 17, value = 15, diff = -2
	jumped_value increment
	new running sum = 16
idx1 = 18, value = 19, diff = 1
	new running sum = 17
idx1 = 19, value = 18, diff = -1
	new running sum = 17
idx1 = 20, value = 22, diff = 2
	new running sum = 19
idx1 = 21, value = 20, diff = -1
	new running sum = 19
idx1 = 22, value = 24, diff = 2
	new running sum = 21
idx1 = 23, value = 23, diff = 0
	new running sum = 21
idx1 = 24, value = 21, diff = -3
	jumped_value increment
	new running sum = 22
idx1 = 25, value = 27, diff = 2
	new running sum = 24
idx1 = 26, value = 28, diff = 2
	new running sum = 26
idx1 = 27, value = 25, diff = -2
	new running sum = 26
idx1 = 28, value = 26, diff = -2
	new running sum = 26
idx1 = 29, value = 30, diff = 1
	new running sum = 27
idx1 = 30, value = 29, diff = -1
	new running sum = 27
idx1 = 31, value = 33, diff = 2
	new running sum = 29
idx1 = 32, value = 32, diff = 0
	new running sum = 29
idx1 = 33, value = 31, diff = -2
	jumped_value increment
	new running sum = 30
idx1 = 34, value = 35, diff = 1
	new running sum = 31
idx1 = 35, value = 36, diff = 1
	new running sum = 32
idx1 = 36, value = 34, diff = -2
	new running sum = 32
idx1 = 37, value = 39, diff = 2
	new running sum = 34
idx1 = 38, value = 38, diff = 0
	new running sum = 34
idx1 = 39, value = 37, diff = -2
	jumped_value increment
	new running sum = 35
idx1 = 40, value = 42, diff = 2
	new running sum = 37
idx1 = 41, value = 40, diff = -1
	new running sum = 37
idx1 = 42, value = 44, diff = 2
	new running sum = 39
idx1 = 43, value = 41, diff = -2
	new running sum = 39
idx1 = 44, value = 43, diff = -1
	new running sum = 39
idx1 = 45, value = 47, diff = 2
	new running sum = 41
idx1 = 46, value = 46, diff = 0
	new running sum = 41
idx1 = 47, value = 48, diff = 1
	new running sum = 42
idx1 = 48, value = 45, diff = -3
	jumped_value increment
	new running sum = 43
idx1 = 49, value = 50, diff = 1
	new running sum = 44
idx1 = 50, value = 52, diff = 2
	new running sum = 46
idx1 = 51, value = 49, diff = -2
	new running sum = 46
idx1 = 52, value = 51, diff = -1
	new running sum = 46
idx1 = 53, value = 54, diff = 1
	new running sum = 47
idx1 = 54, value = 56, diff = 2
	new running sum = 49
idx1 = 55, value = 55, diff = 0
	new running sum = 49
idx1 = 56, value = 53, diff = -3
	jumped_value increment
	new running sum = 50
idx1 = 57, value = 59, diff = 2
	new running sum = 52
idx1 = 58, value = 58, diff = 0
	new running sum = 52
idx1 = 59, value = 57, diff = -2
	jumped_value increment
	new running sum = 53
idx1 = 60, value = 61, diff = 1
	new running sum = 54
idx1 = 61, value = 63, diff = 2
	new running sum = 56
idx1 = 62, value = 60, diff = -2
	new running sum = 56
idx1 = 63, value = 65, diff = 2
	new running sum = 58
idx1 = 64, value = 64, diff = 0
	new running sum = 58
idx1 = 65, value = 67, diff = 2
	new running sum = 60
idx1 = 66, value = 68, diff = 2
	new running sum = 62
idx1 = 67, value = 62, diff = -5
	jumped_value increment
	new running sum = 63
idx1 = 68, value = 69, diff = 1
	new running sum = 64
idx1 = 69, value = 66, diff = -3
	new running sum = 64
idx1 = 70, value = 72, diff = 2
	new running sum = 66
idx1 = 71, value = 70, diff = -1
	new running sum = 66
idx1 = 72, value = 74, diff = 2
	new running sum = 68
idx1 = 73, value = 73, diff = 0
	new running sum = 68
idx1 = 74, value = 71, diff = -3
	jumped_value increment
	new running sum = 69
idx1 = 75, value = 77, diff = 2
	new running sum = 71
idx1 = 76, value = 75, diff = -1
	new running sum = 71
idx1 = 77, value = 79, diff = 2
	new running sum = 73
idx1 = 78, value = 78, diff = 0
	new running sum = 73
idx1 = 79, value = 81, diff = 2
	new running sum = 75
idx1 = 80, value = 82, diff = 2
	new running sum = 77
idx1 = 81, value = 80, diff = -1
	new running sum = 77
idx1 = 82, value = 76, diff = -6
	jumped_value increment
	jumped_value increment
	new running sum = 79
idx1 = 83, value = 85, diff = 2
	new running sum = 81
idx1 = 84, value = 84, diff = 0
	new running sum = 81
idx1 = 85, value = 83, diff = -2
	jumped_value increment
	new running sum = 82
idx1 = 86, value = 86, diff = 0
	new running sum = 82
idx1 = 87, value = 89, diff = 2
	new running sum = 84
idx1 = 88, value = 90, diff = 2
	new running sum = 86
idx1 = 89, value = 88, diff = -1
	new running sum = 86
idx1 = 90, value = 87, diff = -3
	jumped_value increment
	new running sum = 87
idx1 = 91, value = 92, diff = 1
	new running sum = 88
idx1 = 92, value = 91, diff = -1
	new running sum = 88
idx1 = 93, value = 95, diff = 2
	new running sum = 90
idx1 = 94, value = 94, diff = 0
	new running sum = 90
idx1 = 95, value = 93, diff = -2
	jumped_value increment
	new running sum = 91
idx1 = 96, value = 98, diff = 2
	new running sum = 93
idx1 = 97, value = 97, diff = 0
	new running sum = 93
idx1 = 98, value = 100, diff = 2
	new running sum = 95
idx1 = 99, value = 96, diff = -3
	jumped_value increment
	new running sum = 96
idx1 = 100, value = 102, diff = 2
	new running sum = 98
idx1 = 101, value = 99, diff = -2
	new running sum = 98
idx1 = 102, value = 104, diff = 2
	new running sum = 100
idx1 = 103, value = 101, diff = -2
	new running sum = 100
idx1 = 104, value = 105, diff = 1
	new running sum = 101
idx1 = 105, value = 103, diff = -2
	new running sum = 101
idx1 = 106, value = 108, diff = 2
	new running sum = 103
idx1 = 107, value = 106, diff = -1
	new running sum = 103
idx1 = 108, value = 109, diff = 1
	new running sum = 104
idx1 = 109, value = 107, diff = -2
	new running sum = 104
idx1 = 110, value = 112, diff = 2
	new running sum = 106
idx1 = 111, value = 111, diff = 0
	new running sum = 106
idx1 = 112, value = 110, diff = -2
	jumped_value increment
	new running sum = 107
idx1 = 113, value = 113, diff = 0
	new running sum = 107
idx1 = 114, value = 116, diff = 2
	new running sum = 109
idx1 = 115, value = 114, diff = -1
	new running sum = 109
idx1 = 116, value = 118, diff = 2
	new running sum = 111
idx1 = 117, value = 119, diff = 2
	new running sum = 113
idx1 = 118, value = 117, diff = -1
	new running sum = 113
idx1 = 119, value = 115, diff = -4
	jumped_value increment
	new running sum = 114
idx1 = 120, value = 122, diff = 2
	new running sum = 116
idx1 = 121, value = 121, diff = 0
	new running sum = 116
idx1 = 122, value = 120, diff = -2
	jumped_value increment
	new running sum = 117
idx1 = 123, value = 124, diff = 1
	new running sum = 118
idx1 = 124, value = 123, diff = -1
	new running sum = 118
idx1 = 125, value = 127, diff = 2
	new running sum = 120
idx1 = 126, value = 125, diff = -1
	new running sum = 120
idx1 = 127, value = 126, diff = -1
	new running sum = 120
idx1 = 128, value = 130, diff = 2
	new running sum = 122
idx1 = 129, value = 129, diff = 0
	new running sum = 122
idx1 = 130, value = 128, diff = -2
	jumped_value increment
	new running sum = 123
idx1 = 131, value = 131, diff = 0
	new running sum = 123
idx1 = 132, value = 133, diff = 1
	new running sum = 124
idx1 = 133, value = 135, diff = 2
	new running sum = 126
idx1 = 134, value = 136, diff = 2
	new running sum = 128
idx1 = 135, value = 132, diff = -3
	new running sum = 128
idx1 = 136, value = 134, diff = -2
	new running sum = 128
idx1 = 137, value = 139, diff = 2
	new running sum = 130
idx1 = 138, value = 140, diff = 2
	new running sum = 132
idx1 = 139, value = 138, diff = -1
	new running sum = 132
idx1 = 140, value = 137, diff = -3
	jumped_value increment
	new running sum = 133
idx1 = 141, value = 143, diff = 2
	new running sum = 135
idx1 = 142, value = 141, diff = -1
	new running sum = 135
idx1 = 143, value = 144, diff = 1
	new running sum = 136
idx1 = 144, value = 146, diff = 2
	new running sum = 138
idx1 = 145, value = 145, diff = 0
	new running sum = 138
idx1 = 146, value = 142, diff = -4
	jumped_value increment
	new running sum = 139
idx1 = 147, value = 148, diff = 1
	new running sum = 140
idx1 = 148, value = 150, diff = 2
	new running sum = 142
idx1 = 149, value = 147, diff = -2
	new running sum = 142
idx1 = 150, value = 149, diff = -1
	new running sum = 142
idx1 = 151, value = 153, diff = 2
	new running sum = 144
idx1 = 152, value = 152, diff = 0
	new running sum = 144
idx1 = 153, value = 155, diff = 2
	new running sum = 146
idx1 = 154, value = 151, diff = -3
	jumped_value increment
	new running sum = 147
idx1 = 155, value = 157, diff = 2
	new running sum = 149
idx1 = 156, value = 154, diff = -2
	new running sum = 149
idx1 = 157, value = 158, diff = 1
	new running sum = 150
idx1 = 158, value = 159, diff = 1
	new running sum = 151
idx1 = 159, value = 156, diff = -3
	new running sum = 151
idx1 = 160, value = 161, diff = 1
	new running sum = 152
idx1 = 161, value = 160, diff = -1
	new running sum = 152
idx1 = 162, value = 164, diff = 2
	new running sum = 154
idx1 = 163, value = 165, diff = 2
	new running sum = 156
idx1 = 164, value = 163, diff = -1
	new running sum = 156
idx1 = 165, value = 167, diff = 2
	new running sum = 158
idx1 = 166, value = 166, diff = 0
	new running sum = 158
idx1 = 167, value = 162, diff = -5
	jumped_value increment
	jumped_value increment
	new running sum = 160
idx1 = 168, value = 170, diff = 2
	new running sum = 162
idx1 = 169, value = 171, diff = 2
	new running sum = 164
idx1 = 170, value = 172, diff = 2
	new running sum = 166
idx1 = 171, value = 168, diff = -3
	new running sum = 166
idx1 = 172, value = 169, diff = -3
	new running sum = 166
idx1 = 173, value = 175, diff = 2
	new running sum = 168
idx1 = 174, value = 173, diff = -1
	new running sum = 168
idx1 = 175, value = 174, diff = -1
	new running sum = 168
idx1 = 176, value = 177, diff = 1
	new running sum = 169
idx1 = 177, value = 176, diff = -1
	new running sum = 169
idx1 = 178, value = 180, diff = 2
	new running sum = 171
idx1 = 179, value = 181, diff = 2
	new running sum = 173
idx1 = 180, value = 178, diff = -2
	new running sum = 173
idx1 = 181, value = 179, diff = -2
	new running sum = 173
idx1 = 182, value = 183, diff = 1
	new running sum = 174
idx1 = 183, value = 182, diff = -1
	new running sum = 174
idx1 = 184, value = 184, diff = 0
	new running sum = 174
idx1 = 185, value = 187, diff = 2
	new running sum = 176
idx1 = 186, value = 188, diff = 2
	new running sum = 178
idx1 = 187, value = 185, diff = -2
	new running sum = 178
idx1 = 188, value = 190, diff = 2
	new running sum = 180
idx1 = 189, value = 189, diff = 0
	new running sum = 180
idx1 = 190, value = 186, diff = -4
	jumped_value increment
	new running sum = 181
idx1 = 191, value = 191, diff = 0
	new running sum = 181
idx1 = 192, value = 194, diff = 2
	new running sum = 183
idx1 = 193, value = 192, diff = -1
	new running sum = 183
idx1 = 194, value = 196, diff = 2
	new running sum = 185
idx1 = 195, value = 197, diff = 2
	new running sum = 187
idx1 = 196, value = 195, diff = -1
	new running sum = 187
idx1 = 197, value = 199, diff = 2
	new running sum = 189
idx1 = 198, value = 193, diff = -5
	jumped_value increment
	new running sum = 190
idx1 = 199, value = 198, diff = -1
	new running sum = 190
idx1 = 200, value = 202, diff = 2
	new running sum = 192
idx1 = 201, value = 200, diff = -1
	new running sum = 192
idx1 = 202, value = 204, diff = 2
	new running sum = 194
idx1 = 203, value = 205, diff = 2
	new running sum = 196
idx1 = 204, value = 203, diff = -1
	new running sum = 196
idx1 = 205, value = 207, diff = 2
	new running sum = 198
idx1 = 206, value = 206, diff = 0
	new running sum = 198
idx1 = 207, value = 201, diff = -6
	jumped_value increment
	jumped_value increment
	new running sum = 200
idx1 = 208, value = 210, diff = 2
	new running sum = 202
idx1 = 209, value = 209, diff = 0
	new running sum = 202
idx1 = 210, value = 211, diff = 1
	new running sum = 203
idx1 = 211, value = 208, diff = -3
	jumped_value increment
	new running sum = 204
idx1 = 212, value = 214, diff = 2
	new running sum = 206
idx1 = 213, value = 215, diff = 2
	new running sum = 208
idx1 = 214, value = 216, diff = 2
	new running sum = 210
idx1 = 215, value = 212, diff = -3
	new running sum = 210
idx1 = 216, value = 218, diff = 2
	new running sum = 212
idx1 = 217, value = 217, diff = 0
	new running sum = 212
idx1 = 218, value = 220, diff = 2
	new running sum = 214
idx1 = 219, value = 213, diff = -6
	jumped_value increment
	new running sum = 215
idx1 = 220, value = 222, diff = 2
	new running sum = 217
idx1 = 221, value = 219, diff = -2
	new running sum = 217
idx1 = 222, value = 224, diff = 2
	new running sum = 219
idx1 = 223, value = 221, diff = -2
	new running sum = 219
idx1 = 224, value = 223, diff = -1
	new running sum = 219
idx1 = 225, value = 227, diff = 2
	new running sum = 221
idx1 = 226, value = 226, diff = 0
	new running sum = 221
idx1 = 227, value = 225, diff = -2
	jumped_value increment
	new running sum = 222
idx1 = 228, value = 230, diff = 2
	new running sum = 224
idx1 = 229, value = 231, diff = 2
	new running sum = 226
idx1 = 230, value = 229, diff = -1
	new running sum = 226
idx1 = 231, value = 228, diff = -3
	jumped_value increment
	new running sum = 227
idx1 = 232, value = 234, diff = 2
	new running sum = 229
idx1 = 233, value = 235, diff = 2
	new running sum = 231
idx1 = 234, value = 233, diff = -1
	new running sum = 231
idx1 = 235, value = 237, diff = 2
	new running sum = 233
idx1 = 236, value = 232, diff = -4
	jumped_value increment
	new running sum = 234
idx1 = 237, value = 239, diff = 2
	new running sum = 236
idx1 = 238, value = 236, diff = -2
	new running sum = 236
idx1 = 239, value = 241, diff = 2
	new running sum = 238
idx1 = 240, value = 238, diff = -2
	new running sum = 238
idx1 = 241, value = 240, diff = -1
	new running sum = 238
idx1 = 242, value = 243, diff = 1
	new running sum = 239
idx1 = 243, value = 242, diff = -1
	new running sum = 239
idx1 = 244, value = 246, diff = 2
	new running sum = 241
idx1 = 245, value = 245, diff = 0
	new running sum = 241
idx1 = 246, value = 248, diff = 2
	new running sum = 243
idx1 = 247, value = 249, diff = 2
	new running sum = 245
idx1 = 248, value = 250, diff = 2
	new running sum = 247
idx1 = 249, value = 247, diff = -2
	new running sum = 247
idx1 = 250, value = 244, diff = -6
	jumped_value increment
	jumped_value increment
	new running sum = 249
idx1 = 251, value = 253, diff = 2
	new running sum = 251
idx1 = 252, value = 252, diff = 0
	new running sum = 251
idx1 = 253, value = 251, diff = -2
	jumped_value increment
	new running sum = 252
idx1 = 254, value = 256, diff = 2
	new running sum = 254
idx1 = 255, value = 255, diff = 0
	new running sum = 254
idx1 = 256, value = 258, diff = 2
	new running sum = 256
idx1 = 257, value = 254, diff = -3
	jumped_value increment
	new running sum = 257
idx1 = 258, value = 257, diff = -1
	new running sum = 257
idx1 = 259, value = 259, diff = 0
	new running sum = 257
idx1 = 260, value = 261, diff = 1
	new running sum = 258
idx1 = 261, value = 262, diff = 1
	new running sum = 259
idx1 = 262, value = 263, diff = 1
	new running sum = 260
idx1 = 263, value = 265, diff = 2
	new running sum = 262
idx1 = 264, value = 264, diff = 0
	new running sum = 262
idx1 = 265, value = 260, diff = -5
	jumped_value increment
	new running sum = 263
idx1 = 266, value = 268, diff = 2
	new running sum = 265
idx1 = 267, value = 266, diff = -1
	new running sum = 265
idx1 = 268, value = 267, diff = -1
	new running sum = 265
idx1 = 269, value = 271, diff = 2
	new running sum = 267
idx1 = 270, value = 270, diff = 0
	new running sum = 267
idx1 = 271, value = 273, diff = 2
	new running sum = 269
idx1 = 272, value = 269, diff = -3
	jumped_value increment
	new running sum = 270
idx1 = 273, value = 274, diff = 1
	new running sum = 271
idx1 = 274, value = 272, diff = -2
	new running sum = 271
idx1 = 275, value = 275, diff = 0
	new running sum = 271
idx1 = 276, value = 278, diff = 2
	new running sum = 273
idx1 = 277, value = 276, diff = -1
	new running sum = 273
idx1 = 278, value = 279, diff = 1
	new running sum = 274
idx1 = 279, value = 277, diff = -2
	new running sum = 274
idx1 = 280, value = 282, diff = 2
	new running sum = 276
idx1 = 281, value = 283, diff = 2
	new running sum = 278
idx1 = 282, value = 280, diff = -2
	new running sum = 278
idx1 = 283, value = 281, diff = -2
	new running sum = 278
idx1 = 284, value = 286, diff = 2
	new running sum = 280
idx1 = 285, value = 284, diff = -1
	new running sum = 280
idx1 = 286, value = 288, diff = 2
	new running sum = 282
idx1 = 287, value = 287, diff = 0
	new running sum = 282
idx1 = 288, value = 290, diff = 2
	new running sum = 284
idx1 = 289, value = 289, diff = 0
	new running sum = 284
idx1 = 290, value = 285, diff = -5
	jumped_value increment
	jumped_value increment
	new running sum = 286
idx1 = 291, value = 293, diff = 2
	new running sum = 288
idx1 = 292, value = 291, diff = -1
	new running sum = 288
idx1 = 293, value = 292, diff = -1
	new running sum = 288
idx1 = 294, value = 296, diff = 2
	new running sum = 290
idx1 = 295, value = 294, diff = -1
	new running sum = 290
idx1 = 296, value = 298, diff = 2
	new running sum = 292
idx1 = 297, value = 297, diff = 0
	new running sum = 292
idx1 = 298, value = 299, diff = 1
	new running sum = 293
idx1 = 299, value = 295, diff = -4
	jumped_value increment
	new running sum = 294
idx1 = 300, value = 302, diff = 2
	new running sum = 296
idx1 = 301, value = 301, diff = 0
	new running sum = 296
idx1 = 302, value = 304, diff = 2
	new running sum = 298
idx1 = 303, value = 303, diff = 0
	new running sum = 298
idx1 = 304, value = 306, diff = 2
	new running sum = 300
idx1 = 305, value = 300, diff = -5
	jumped_value increment
	jumped_value increment
	new running sum = 302
idx1 = 306, value = 305, diff = -1
	new running sum = 302
idx1 = 307, value = 309, diff = 2
	new running sum = 304
idx1 = 308, value = 308, diff = 0
	new running sum = 304
idx1 = 309, value = 307, diff = -2
	jumped_value increment
	new running sum = 305
idx1 = 310, value = 312, diff = 2
	new running sum = 307
idx1 = 311, value = 311, diff = 0
	new running sum = 307
idx1 = 312, value = 314, diff = 2
	new running sum = 309
idx1 = 313, value = 315, diff = 2
	new running sum = 311
idx1 = 314, value = 313, diff = -1
	new running sum = 311
idx1 = 315, value = 310, diff = -5
	jumped_value increment
	jumped_value increment
	new running sum = 313
idx1 = 316, value = 316, diff = 0
	new running sum = 313
idx1 = 317, value = 319, diff = 2
	new running sum = 315
idx1 = 318, value = 318, diff = 0
	new running sum = 315
idx1 = 319, value = 321, diff = 2
	new running sum = 317
idx1 = 320, value = 320, diff = 0
	new running sum = 317
idx1 = 321, value = 317, diff = -4
	jumped_value increment
	jumped_value increment
	new running sum = 319
idx1 = 322, value = 324, diff = 2
	new running sum = 321
idx1 = 323, value = 325, diff = 2
	new running sum = 323
idx1 = 324, value = 322, diff = -2
	new running sum = 323
idx1 = 325, value = 323, diff = -2
	new running sum = 323
idx1 = 326, value = 328, diff = 2
	new running sum = 325
idx1 = 327, value = 327, diff = 0
	new running sum = 325
idx1 = 328, value = 330, diff = 2
	new running sum = 327
idx1 = 329, value = 326, diff = -3
	jumped_value increment
	new running sum = 328
idx1 = 330, value = 332, diff = 2
	new running sum = 330
idx1 = 331, value = 331, diff = 0
	new running sum = 330
idx1 = 332, value = 329, diff = -3
	jumped_value increment
	new running sum = 331
idx1 = 333, value = 335, diff = 2
	new running sum = 333
idx1 = 334, value = 334, diff = 0
	new running sum = 333
idx1 = 335, value = 333, diff = -2
	jumped_value increment
	new running sum = 334
idx1 = 336, value = 336, diff = 0
	new running sum = 334
idx1 = 337, value = 338, diff = 1
	new running sum = 335
idx1 = 338, value = 337, diff = -1
	new running sum = 335
idx1 = 339, value = 341, diff = 2
	new running sum = 337
idx1 = 340, value = 340, diff = 0
	new running sum = 337
idx1 = 341, value = 339, diff = -2
	jumped_value increment
	new running sum = 338
idx1 = 342, value = 344, diff = 2
	new running sum = 340
idx1 = 343, value = 343, diff = 0
	new running sum = 340
idx1 = 344, value = 342, diff = -2
	jumped_value increment
	new running sum = 341
idx1 = 345, value = 347, diff = 2
	new running sum = 343
idx1 = 346, value = 345, diff = -1
	new running sum = 343
idx1 = 347, value = 349, diff = 2
	new running sum = 345
idx1 = 348, value = 346, diff = -2
	new running sum = 345
idx1 = 349, value = 351, diff = 2
	new running sum = 347
idx1 = 350, value = 350, diff = 0
	new running sum = 347
idx1 = 351, value = 348, diff = -3
	jumped_value increment
	new running sum = 348
idx1 = 352, value = 353, diff = 1
	new running sum = 349
idx1 = 353, value = 355, diff = 2
	new running sum = 351
idx1 = 354, value = 352, diff = -2
	new running sum = 351
idx1 = 355, value = 357, diff = 2
	new running sum = 353
idx1 = 356, value = 358, diff = 2
	new running sum = 355
idx1 = 357, value = 354, diff = -3
	new running sum = 355
idx1 = 358, value = 356, diff = -2
	new running sum = 355
idx1 = 359, value = 359, diff = 0
	new running sum = 355
idx1 = 360, value = 361, diff = 1
	new running sum = 356
idx1 = 361, value = 360, diff = -1
	new running sum = 356
idx1 = 362, value = 364, diff = 2
	new running sum = 358
idx1 = 363, value = 362, diff = -1
	new running sum = 358
idx1 = 364, value = 366, diff = 2
	new running sum = 360
idx1 = 365, value = 365, diff = 0
	new running sum = 360
idx1 = 366, value = 363, diff = -3
	jumped_value increment
	new running sum = 361
idx1 = 367, value = 368, diff = 1
	new running sum = 362
idx1 = 368, value = 370, diff = 2
	new running sum = 364
idx1 = 369, value = 367, diff = -2
	new running sum = 364
idx1 = 370, value = 371, diff = 1
	new running sum = 365
idx1 = 371, value = 372, diff = 1
	new running sum = 366
idx1 = 372, value = 369, diff = -3
	new running sum = 366
idx1 = 373, value = 374, diff = 1
	new running sum = 367
idx1 = 374, value = 373, diff = -1
	new running sum = 367
idx1 = 375, value = 376, diff = 1
	new running sum = 368
idx1 = 376, value = 375, diff = -1
	new running sum = 368
idx1 = 377, value = 378, diff = 1
	new running sum = 369
idx1 = 378, value = 379, diff = 1
	new running sum = 370
idx1 = 379, value = 377, diff = -2
	new running sum = 370
idx1 = 380, value = 382, diff = 2
	new running sum = 372
idx1 = 381, value = 381, diff = 0
	new running sum = 372
idx1 = 382, value = 383, diff = 1
	new running sum = 373
idx1 = 383, value = 380, diff = -3
	jumped_value increment
	new running sum = 374
idx1 = 384, value = 386, diff = 2
	new running sum = 376
idx1 = 385, value = 387, diff = 2
	new running sum = 378
idx1 = 386, value = 384, diff = -2
	new running sum = 378
idx1 = 387, value = 385, diff = -2
	new running sum = 378
idx1 = 388, value = 390, diff = 2
	new running sum = 380
idx1 = 389, value = 388, diff = -1
	new running sum = 380
idx1 = 390, value = 392, diff = 2
	new running sum = 382
idx1 = 391, value = 391, diff = 0
	new running sum = 382
idx1 = 392, value = 389, diff = -3
	jumped_value increment
	new running sum = 383
idx1 = 393, value = 393, diff = 0
	new running sum = 383
idx1 = 394, value = 396, diff = 2
	new running sum = 385
idx1 = 395, value = 397, diff = 2
	new running sum = 387
idx1 = 396, value = 394, diff = -2
	new running sum = 387
idx1 = 397, value = 398, diff = 1
	new running sum = 388
idx1 = 398, value = 395, diff = -3
	new running sum = 388
idx1 = 399, value = 401, diff = 2
	new running sum = 390
idx1 = 400, value = 400, diff = 0
	new running sum = 390
idx1 = 401, value = 403, diff = 2
	new running sum = 392
idx1 = 402, value = 402, diff = 0
	new running sum = 392
idx1 = 403, value = 399, diff = -4
	jumped_value increment
	jumped_value increment
	new running sum = 394
idx1 = 404, value = 405, diff = 1
	new running sum = 395
idx1 = 405, value = 407, diff = 2
	new running sum = 397
idx1 = 406, value = 406, diff = 0
	new running sum = 397
idx1 = 407, value = 409, diff = 2
	new running sum = 399
idx1 = 408, value = 408, diff = 0
	new running sum = 399
idx1 = 409, value = 411, diff = 2
	new running sum = 401
idx1 = 410, value = 410, diff = 0
	new running sum = 401
idx1 = 411, value = 404, diff = -7
	jumped_value increment
	jumped_value increment
	jumped_value increment
	new running sum = 404
idx1 = 412, value = 413, diff = 1
	new running sum = 405
idx1 = 413, value = 412, diff = -1
	new running sum = 405
idx1 = 414, value = 415, diff = 1
	new running sum = 406
idx1 = 415, value = 417, diff = 2
	new running sum = 408
idx1 = 416, value = 416, diff = 0
	new running sum = 408
idx1 = 417, value = 414, diff = -3
	jumped_value increment
	new running sum = 409
idx1 = 418, value = 420, diff = 2
	new running sum = 411
idx1 = 419, value = 419, diff = 0
	new running sum = 411
idx1 = 420, value = 422, diff = 2
	new running sum = 413
idx1 = 421, value = 421, diff = 0
	new running sum = 413
idx1 = 422, value = 418, diff = -4
	jumped_value increment
	jumped_value increment
	new running sum = 415
idx1 = 423, value = 424, diff = 1
	new running sum = 416
idx1 = 424, value = 426, diff = 2
	new running sum = 418
idx1 = 425, value = 423, diff = -2
	new running sum = 418
idx1 = 426, value = 425, diff = -1
	new running sum = 418
idx1 = 427, value = 428, diff = 1
	new running sum = 419
idx1 = 428, value = 427, diff = -1
	new running sum = 419
idx1 = 429, value = 431, diff = 2
	new running sum = 421
idx1 = 430, value = 430, diff = 0
	new running sum = 421
idx1 = 431, value = 429, diff = -2
	jumped_value increment
	new running sum = 422
idx1 = 432, value = 434, diff = 2
	new running sum = 424
idx1 = 433, value = 435, diff = 2
	new running sum = 426
idx1 = 434, value = 436, diff = 2
	new running sum = 428
idx1 = 435, value = 437, diff = 2
	new running sum = 430
idx1 = 436, value = 432, diff = -4
	new running sum = 430
idx1 = 437, value = 433, diff = -4
	new running sum = 430
idx1 = 438, value = 440, diff = 2
	new running sum = 432
idx1 = 439, value = 438, diff = -1
	new running sum = 432
idx1 = 440, value = 439, diff = -1
	new running sum = 432
idx1 = 441, value = 443, diff = 2
	new running sum = 434
idx1 = 442, value = 441, diff = -1
	new running sum = 434
idx1 = 443, value = 445, diff = 2
	new running sum = 436
idx1 = 444, value = 442, diff = -2
	new running sum = 436
idx1 = 445, value = 447, diff = 2
	new running sum = 438
idx1 = 446, value = 444, diff = -2
	new running sum = 438
idx1 = 447, value = 448, diff = 1
	new running sum = 439
idx1 = 448, value = 446, diff = -2
	new running sum = 439
idx1 = 449, value = 449, diff = 0
	new running sum = 439
idx1 = 450, value = 452, diff = 2
	new running sum = 441
idx1 = 451, value = 451, diff = 0
	new running sum = 441
idx1 = 452, value = 450, diff = -2
	jumped_value increment
	new running sum = 442
idx1 = 453, value = 455, diff = 2
	new running sum = 444
idx1 = 454, value = 453, diff = -1
	new running sum = 444
idx1 = 455, value = 454, diff = -1
	new running sum = 444
idx1 = 456, value = 457, diff = 1
	new running sum = 445
idx1 = 457, value = 456, diff = -1
	new running sum = 445
idx1 = 458, value = 460, diff = 2
	new running sum = 447
idx1 = 459, value = 459, diff = 0
	new running sum = 447
idx1 = 460, value = 458, diff = -2
	jumped_value increment
	new running sum = 448
idx1 = 461, value = 463, diff = 2
	new running sum = 450
idx1 = 462, value = 462, diff = 0
	new running sum = 450
idx1 = 463, value = 464, diff = 1
	new running sum = 451
idx1 = 464, value = 461, diff = -3
	jumped_value increment
	new running sum = 452
idx1 = 465, value = 467, diff = 2
	new running sum = 454
idx1 = 466, value = 465, diff = -1
	new running sum = 454
idx1 = 467, value = 466, diff = -1
	new running sum = 454
idx1 = 468, value = 470, diff = 2
	new running sum = 456
idx1 = 469, value = 469, diff = 0
	new running sum = 456
idx1 = 470, value = 472, diff = 2
	new running sum = 458
idx1 = 471, value = 468, diff = -3
	jumped_value increment
	new running sum = 459
idx1 = 472, value = 474, diff = 2
	new running sum = 461
idx1 = 473, value = 471, diff = -2
	new running sum = 461
idx1 = 474, value = 475, diff = 1
	new running sum = 462
idx1 = 475, value = 473, diff = -2
	new running sum = 462
idx1 = 476, value = 477, diff = 1
	new running sum = 463
idx1 = 477, value = 476, diff = -1
	new running sum = 463
idx1 = 478, value = 480, diff = 2
	new running sum = 465
idx1 = 479, value = 479, diff = 0
	new running sum = 465
idx1 = 480, value = 478, diff = -2
	jumped_value increment
	new running sum = 466
idx1 = 481, value = 483, diff = 2
	new running sum = 468
idx1 = 482, value = 482, diff = 0
	new running sum = 468
idx1 = 483, value = 485, diff = 2
	new running sum = 470
idx1 = 484, value = 481, diff = -3
	jumped_value increment
	new running sum = 471
idx1 = 485, value = 487, diff = 2
	new running sum = 473
idx1 = 486, value = 484, diff = -2
	new running sum = 473
idx1 = 487, value = 489, diff = 2
	new running sum = 475
idx1 = 488, value = 490, diff = 2
	new running sum = 477
idx1 = 489, value = 491, diff = 2
	new running sum = 479
idx1 = 490, value = 488, diff = -2
	new running sum = 479
idx1 = 491, value = 492, diff = 1
	new running sum = 480
idx1 = 492, value = 486, diff = -6
	jumped_value increment
	new running sum = 481
idx1 = 493, value = 494, diff = 1
	new running sum = 482
idx1 = 494, value = 495, diff = 1
	new running sum = 483
idx1 = 495, value = 496, diff = 1
	new running sum = 484
idx1 = 496, value = 498, diff = 2
	new running sum = 486
idx1 = 497, value = 493, diff = -4
	new running sum = 486
idx1 = 498, value = 500, diff = 2
	new running sum = 488
idx1 = 499, value = 499, diff = 0
	new running sum = 488
idx1 = 500, value = 497, diff = -3
	jumped_value increment
	new running sum = 489
idx1 = 501, value = 502, diff = 1
	new running sum = 490
idx1 = 502, value = 504, diff = 2
	new running sum = 492
idx1 = 503, value = 501, diff = -2
	new running sum = 492
idx1 = 504, value = 503, diff = -1
	new running sum = 492
idx1 = 505, value = 507, diff = 2
	new running sum = 494
idx1 = 506, value = 506, diff = 0
	new running sum = 494
idx1 = 507, value = 505, diff = -2
	jumped_value increment
	new running sum = 495
idx1 = 508, value = 509, diff = 1
	new running sum = 496
idx1 = 509, value = 511, diff = 2
	new running sum = 498
idx1 = 510, value = 508, diff = -2
	new running sum = 498
idx1 = 511, value = 513, diff = 2
	new running sum = 500
idx1 = 512, value = 510, diff = -2
	new running sum = 500
idx1 = 513, value = 512, diff = -1
	new running sum = 500
idx1 = 514, value = 514, diff = 0
	new running sum = 500
idx1 = 515, value = 516, diff = 1
	new running sum = 501
idx1 = 516, value = 518, diff = 2
	new running sum = 503
idx1 = 517, value = 519, diff = 2
	new running sum = 505
idx1 = 518, value = 515, diff = -3
	new running sum = 505
idx1 = 519, value = 521, diff = 2
	new running sum = 507
idx1 = 520, value = 522, diff = 2
	new running sum = 509
idx1 = 521, value = 520, diff = -1
	new running sum = 509
idx1 = 522, value = 524, diff = 2
	new running sum = 511
idx1 = 523, value = 517, diff = -6
	jumped_value increment
	new running sum = 512
idx1 = 524, value = 523, diff = -1
	new running sum = 512
idx1 = 525, value = 525, diff = 0
	new running sum = 512
idx1 = 526, value = 526, diff = 0
	new running sum = 512
idx1 = 527, value = 529, diff = 2
	new running sum = 514
idx1 = 528, value = 527, diff = -1
	new running sum = 514
idx1 = 529, value = 531, diff = 2
	new running sum = 516
idx1 = 530, value = 528, diff = -2
	new running sum = 516
idx1 = 531, value = 533, diff = 2
	new running sum = 518
idx1 = 532, value = 532, diff = 0
	new running sum = 518
idx1 = 533, value = 534, diff = 1
	new running sum = 519
idx1 = 534, value = 530, diff = -4
	jumped_value increment
	new running sum = 520
idx1 = 535, value = 537, diff = 2
	new running sum = 522
idx1 = 536, value = 536, diff = 0
	new running sum = 522
idx1 = 537, value = 539, diff = 2
	new running sum = 524
idx1 = 538, value = 535, diff = -3
	jumped_value increment
	new running sum = 525
idx1 = 539, value = 541, diff = 2
	new running sum = 527
idx1 = 540, value = 538, diff = -2
	new running sum = 527
idx1 = 541, value = 540, diff = -1
	new running sum = 527
idx1 = 542, value = 543, diff = 1
	new running sum = 528
idx1 = 543, value = 544, diff = 1
	new running sum = 529
idx1 = 544, value = 542, diff = -2
	new running sum = 529
idx1 = 545, value = 547, diff = 2
	new running sum = 531
idx1 = 546, value = 548, diff = 2
	new running sum = 533
idx1 = 547, value = 545, diff = -2
	new running sum = 533
idx1 = 548, value = 549, diff = 1
	new running sum = 534
idx1 = 549, value = 546, diff = -3
	new running sum = 534
idx1 = 550, value = 552, diff = 2
	new running sum = 536
idx1 = 551, value = 550, diff = -1
	new running sum = 536
idx1 = 552, value = 551, diff = -1
	new running sum = 536
idx1 = 553, value = 554, diff = 1
	new running sum = 537
idx1 = 554, value = 553, diff = -1
	new running sum = 537
idx1 = 555, value = 557, diff = 2
	new running sum = 539
idx1 = 556, value = 555, diff = -1
	new running sum = 539
idx1 = 557, value = 556, diff = -1
	new running sum = 539
idx1 = 558, value = 560, diff = 2
	new running sum = 541
idx1 = 559, value = 559, diff = 0
	new running sum = 541
idx1 = 560, value = 558, diff = -2
	jumped_value increment
	new running sum = 542
idx1 = 561, value = 563, diff = 2
	new running sum = 544
idx1 = 562, value = 562, diff = 0
	new running sum = 544
idx1 = 563, value = 564, diff = 1
	new running sum = 545
idx1 = 564, value = 561, diff = -3
	jumped_value increment
	new running sum = 546
idx1 = 565, value = 567, diff = 2
	new running sum = 548
idx1 = 566, value = 568, diff = 2
	new running sum = 550
idx1 = 567, value = 566, diff = -1
	new running sum = 550
idx1 = 568, value = 565, diff = -3
	jumped_value increment
	new running sum = 551
idx1 = 569, value = 569, diff = 0
	new running sum = 551
idx1 = 570, value = 572, diff = 2
	new running sum = 553
idx1 = 571, value = 571, diff = 0
	new running sum = 553
idx1 = 572, value = 570, diff = -2
	jumped_value increment
	new running sum = 554
idx1 = 573, value = 575, diff = 2
	new running sum = 556
idx1 = 574, value = 574, diff = 0
	new running sum = 556
idx1 = 575, value = 577, diff = 2
	new running sum = 558
idx1 = 576, value = 576, diff = 0
	new running sum = 558
idx1 = 577, value = 579, diff = 2
	new running sum = 560
idx1 = 578, value = 573, diff = -5
	jumped_value increment
	jumped_value increment
	new running sum = 562
idx1 = 579, value = 580, diff = 1
	new running sum = 563
idx1 = 580, value = 578, diff = -2
	new running sum = 563
idx1 = 581, value = 583, diff = 2
	new running sum = 565
idx1 = 582, value = 581, diff = -1
	new running sum = 565
idx1 = 583, value = 584, diff = 1
	new running sum = 566
idx1 = 584, value = 582, diff = -2
	new running sum = 566
idx1 = 585, value = 587, diff = 2
	new running sum = 568
idx1 = 586, value = 586, diff = 0
	new running sum = 568
idx1 = 587, value = 585, diff = -2
	jumped_value increment
	new running sum = 569
idx1 = 588, value = 590, diff = 2
	new running sum = 571
idx1 = 589, value = 589, diff = 0
	new running sum = 571
idx1 = 590, value = 588, diff = -2
	jumped_value increment
	new running sum = 572
idx1 = 591, value = 593, diff = 2
	new running sum = 574
idx1 = 592, value = 594, diff = 2
	new running sum = 576
idx1 = 593, value = 592, diff = -1
	new running sum = 576
idx1 = 594, value = 595, diff = 1
	new running sum = 577
idx1 = 595, value = 591, diff = -4
	jumped_value increment
	new running sum = 578
idx1 = 596, value = 598, diff = 2
	new running sum = 580
idx1 = 597, value = 599, diff = 2
	new running sum = 582
idx1 = 598, value = 596, diff = -2
	new running sum = 582
idx1 = 599, value = 597, diff = -2
	new running sum = 582
idx1 = 600, value = 602, diff = 2
	new running sum = 584
idx1 = 601, value = 603, diff = 2
	new running sum = 586
idx1 = 602, value = 604, diff = 2
	new running sum = 588
idx1 = 603, value = 605, diff = 2
	new running sum = 590
idx1 = 604, value = 600, diff = -4
	new running sum = 590
idx1 = 605, value = 601, diff = -4
	new running sum = 590
idx1 = 606, value = 608, diff = 2
	new running sum = 592
idx1 = 607, value = 609, diff = 2
	new running sum = 594
idx1 = 608, value = 607, diff = -1
	new running sum = 594
idx1 = 609, value = 611, diff = 2
	new running sum = 596
idx1 = 610, value = 612, diff = 2
	new running sum = 598
idx1 = 611, value = 606, diff = -5
	jumped_value increment
	new running sum = 599
idx1 = 612, value = 610, diff = -2
	new running sum = 599
idx1 = 613, value = 615, diff = 2
	new running sum = 601
idx1 = 614, value = 616, diff = 2
	new running sum = 603
idx1 = 615, value = 614, diff = -1
	new running sum = 603
idx1 = 616, value = 613, diff = -3
	jumped_value increment
	new running sum = 604
idx1 = 617, value = 619, diff = 2
	new running sum = 606
idx1 = 618, value = 618, diff = 0
	new running sum = 606
idx1 = 619, value = 617, diff = -2
	jumped_value increment
	new running sum = 607
idx1 = 620, value = 622, diff = 2
	new running sum = 609
idx1 = 621, value = 620, diff = -1
	new running sum = 609
idx1 = 622, value = 624, diff = 2
	new running sum = 611
idx1 = 623, value = 621, diff = -2
	new running sum = 611
idx1 = 624, value = 626, diff = 2
	new running sum = 613
idx1 = 625, value = 625, diff = 0
	new running sum = 613
idx1 = 626, value = 623, diff = -3
	jumped_value increment
	new running sum = 614
idx1 = 627, value = 628, diff = 1
	new running sum = 615
idx1 = 628, value = 627, diff = -1
	new running sum = 615
idx1 = 629, value = 631, diff = 2
	new running sum = 617
idx1 = 630, value = 630, diff = 0
	new running sum = 617
idx1 = 631, value = 633, diff = 2
	new running sum = 619
idx1 = 632, value = 629, diff = -3
	jumped_value increment
	new running sum = 620
idx1 = 633, value = 635, diff = 2
	new running sum = 622
idx1 = 634, value = 632, diff = -2
	new running sum = 622
idx1 = 635, value = 637, diff = 2
	new running sum = 624
idx1 = 636, value = 636, diff = 0
	new running sum = 624
idx1 = 637, value = 634, diff = -3
	jumped_value increment
	new running sum = 625
idx1 = 638, value = 638, diff = 0
	new running sum = 625
idx1 = 639, value = 640, diff = 1
	new running sum = 626
idx1 = 640, value = 642, diff = 2
	new running sum = 628
idx1 = 641, value = 639, diff = -2
	new running sum = 628
idx1 = 642, value = 641, diff = -1
	new running sum = 628
idx1 = 643, value = 645, diff = 2
	new running sum = 630
idx1 = 644, value = 644, diff = 0
	new running sum = 630
idx1 = 645, value = 647, diff = 2
	new running sum = 632
idx1 = 646, value = 643, diff = -3
	jumped_value increment
	new running sum = 633
idx1 = 647, value = 646, diff = -1
	new running sum = 633
idx1 = 648, value = 650, diff = 2
	new running sum = 635
idx1 = 649, value = 648, diff = -1
	new running sum = 635
idx1 = 650, value = 652, diff = 2
	new running sum = 637
idx1 = 651, value = 653, diff = 2
	new running sum = 639
idx1 = 652, value = 654, diff = 2
	new running sum = 641
idx1 = 653, value = 649, diff = -4
	new running sum = 641
idx1 = 654, value = 651, diff = -3
	new running sum = 641
idx1 = 655, value = 656, diff = 1
	new running sum = 642
idx1 = 656, value = 658, diff = 2
	new running sum = 644
idx1 = 657, value = 657, diff = 0
	new running sum = 644
idx1 = 658, value = 655, diff = -3
	jumped_value increment
	new running sum = 645
idx1 = 659, value = 661, diff = 2
	new running sum = 647
idx1 = 660, value = 659, diff = -1
	new running sum = 647
idx1 = 661, value = 660, diff = -1
	new running sum = 647
idx1 = 662, value = 663, diff = 1
	new running sum = 648
idx1 = 663, value = 664, diff = 1
	new running sum = 649
idx1 = 664, value = 666, diff = 2
	new running sum = 651
idx1 = 665, value = 662, diff = -3
	new running sum = 651
idx1 = 666, value = 668, diff = 2
	new running sum = 653
idx1 = 667, value = 667, diff = 0
	new running sum = 653
idx1 = 668, value = 670, diff = 2
	new running sum = 655
idx1 = 669, value = 665, diff = -4
	jumped_value increment
	new running sum = 656
idx1 = 670, value = 671, diff = 1
	new running sum = 657
idx1 = 671, value = 673, diff = 2
	new running sum = 659
idx1 = 672, value = 669, diff = -3
	new running sum = 659
idx1 = 673, value = 672, diff = -1
	new running sum = 659
idx1 = 674, value = 676, diff = 2
	new running sum = 661
idx1 = 675, value = 677, diff = 2
	new running sum = 663
idx1 = 676, value = 674, diff = -2
	new running sum = 663
idx1 = 677, value = 679, diff = 2
	new running sum = 665
idx1 = 678, value = 675, diff = -3
	new running sum = 665
idx1 = 679, value = 680, diff = 1
	new running sum = 666
idx1 = 680, value = 678, diff = -2
	new running sum = 666
idx1 = 681, value = 681, diff = 0
	new running sum = 666
idx1 = 682, value = 684, diff = 2
	new running sum = 668
idx1 = 683, value = 682, diff = -1
	new running sum = 668
idx1 = 684, value = 686, diff = 2
	new running sum = 670
idx1 = 685, value = 685, diff = 0
	new running sum = 670
idx1 = 686, value = 683, diff = -3
	jumped_value increment
	new running sum = 671
idx1 = 687, value = 689, diff = 2
	new running sum = 673
idx1 = 688, value = 690, diff = 2
	new running sum = 675
idx1 = 689, value = 688, diff = -1
	new running sum = 675
idx1 = 690, value = 687, diff = -3
	jumped_value increment
	new running sum = 676
idx1 = 691, value = 693, diff = 2
	new running sum = 678
idx1 = 692, value = 692, diff = 0
	new running sum = 678
idx1 = 693, value = 691, diff = -2
	jumped_value increment
	new running sum = 679
idx1 = 694, value = 696, diff = 2
	new running sum = 681
idx1 = 695, value = 695, diff = 0
	new running sum = 681
idx1 = 696, value = 698, diff = 2
	new running sum = 683
idx1 = 697, value = 694, diff = -3
	jumped_value increment
	new running sum = 684
idx1 = 698, value = 700, diff = 2
	new running sum = 686
idx1 = 699, value = 701, diff = 2
	new running sum = 688
idx1 = 700, value = 702, diff = 2
	new running sum = 690
idx1 = 701, value = 697, diff = -4
	new running sum = 690
idx1 = 702, value = 704, diff = 2
	new running sum = 692
idx1 = 703, value = 699, diff = -4
	new running sum = 692
idx1 = 704, value = 706, diff = 2
	new running sum = 694
idx1 = 705, value = 703, diff = -2
	new running sum = 694
idx1 = 706, value = 705, diff = -1
	new running sum = 694
idx1 = 707, value = 709, diff = 2
	new running sum = 696
idx1 = 708, value = 707, diff = -1
	new running sum = 696
idx1 = 709, value = 711, diff = 2
	new running sum = 698
idx1 = 710, value = 712, diff = 2
	new running sum = 700
idx1 = 711, value = 710, diff = -1
	new running sum = 700
idx1 = 712, value = 708, diff = -4
	jumped_value increment
	new running sum = 701
idx1 = 713, value = 713, diff = 0
	new running sum = 701
idx1 = 714, value = 716, diff = 2
	new running sum = 703
idx1 = 715, value = 715, diff = 0
	new running sum = 703
idx1 = 716, value = 714, diff = -2
	jumped_value increment
	new running sum = 704
idx1 = 717, value = 718, diff = 1
	new running sum = 705
idx1 = 718, value = 720, diff = 2
	new running sum = 707
idx1 = 719, value = 721, diff = 2
	new running sum = 709
idx1 = 720, value = 719, diff = -1
	new running sum = 709
idx1 = 721, value = 723, diff = 2
	new running sum = 711
idx1 = 722, value = 717, diff = -5
	jumped_value increment
	new running sum = 712
idx1 = 723, value = 722, diff = -1
	new running sum = 712
idx1 = 724, value = 726, diff = 2
	new running sum = 714
idx1 = 725, value = 725, diff = 0
	new running sum = 714
idx1 = 726, value = 724, diff = -2
	jumped_value increment
	new running sum = 715
idx1 = 727, value = 729, diff = 2
	new running sum = 717
idx1 = 728, value = 728, diff = 0
	new running sum = 717
idx1 = 729, value = 727, diff = -2
	jumped_value increment
	new running sum = 718
idx1 = 730, value = 730, diff = 0
	new running sum = 718
idx1 = 731, value = 733, diff = 2
	new running sum = 720
idx1 = 732, value = 732, diff = 0
	new running sum = 720
idx1 = 733, value = 735, diff = 2
	new running sum = 722
idx1 = 734, value = 734, diff = 0
	new running sum = 722
idx1 = 735, value = 736, diff = 1
	new running sum = 723
idx1 = 736, value = 731, diff = -5
	jumped_value increment
	jumped_value increment
	new running sum = 725
idx1 = 737, value = 738, diff = 1
	new running sum = 726
idx1 = 738, value = 737, diff = -1
	new running sum = 726
idx1 = 739, value = 741, diff = 2
	new running sum = 728
idx1 = 740, value = 739, diff = -1
	new running sum = 728
idx1 = 741, value = 740, diff = -1
	new running sum = 728
idx1 = 742, value = 744, diff = 2
	new running sum = 730
idx1 = 743, value = 743, diff = 0
	new running sum = 730
idx1 = 744, value = 742, diff = -2
	jumped_value increment
	new running sum = 731
idx1 = 745, value = 747, diff = 2
	new running sum = 733
idx1 = 746, value = 746, diff = 0
	new running sum = 733
idx1 = 747, value = 745, diff = -2
	jumped_value increment
	new running sum = 734
idx1 = 748, value = 750, diff = 2
	new running sum = 736
idx1 = 749, value = 748, diff = -1
	new running sum = 736
idx1 = 750, value = 752, diff = 2
	new running sum = 738
idx1 = 751, value = 749, diff = -2
	new running sum = 738
idx1 = 752, value = 753, diff = 1
	new running sum = 739
idx1 = 753, value = 751, diff = -2
	new running sum = 739
idx1 = 754, value = 756, diff = 2
	new running sum = 741
idx1 = 755, value = 754, diff = -1
	new running sum = 741
idx1 = 756, value = 758, diff = 2
	new running sum = 743
idx1 = 757, value = 755, diff = -2
	new running sum = 743
idx1 = 758, value = 757, diff = -1
	new running sum = 743
idx1 = 759, value = 761, diff = 2
	new running sum = 745
idx1 = 760, value = 760, diff = 0
	new running sum = 745
idx1 = 761, value = 759, diff = -2
	jumped_value increment
	new running sum = 746
idx1 = 762, value = 764, diff = 2
	new running sum = 748
idx1 = 763, value = 763, diff = 0
	new running sum = 748
idx1 = 764, value = 762, diff = -2
	jumped_value increment
	new running sum = 749
idx1 = 765, value = 767, diff = 2
	new running sum = 751
idx1 = 766, value = 765, diff = -1
	new running sum = 751
idx1 = 767, value = 768, diff = 1
	new running sum = 752
idx1 = 768, value = 766, diff = -2
	new running sum = 752
idx1 = 769, value = 771, diff = 2
	new running sum = 754
idx1 = 770, value = 770, diff = 0
	new running sum = 754
idx1 = 771, value = 769, diff = -2
	jumped_value increment
	new running sum = 755
idx1 = 772, value = 774, diff = 2
	new running sum = 757
idx1 = 773, value = 773, diff = 0
	new running sum = 757
idx1 = 774, value = 776, diff = 2
	new running sum = 759
idx1 = 775, value = 772, diff = -3
	jumped_value increment
	new running sum = 760
idx1 = 776, value = 778, diff = 2
	new running sum = 762
idx1 = 777, value = 777, diff = 0
	new running sum = 762
idx1 = 778, value = 779, diff = 1
	new running sum = 763
idx1 = 779, value = 775, diff = -4
	jumped_value increment
	new running sum = 764
idx1 = 780, value = 781, diff = 1
	new running sum = 765
idx1 = 781, value = 780, diff = -1
	new running sum = 765
idx1 = 782, value = 783, diff = 1
	new running sum = 766
idx1 = 783, value = 784, diff = 1
	new running sum = 767
idx1 = 784, value = 782, diff = -2
	new running sum = 767
idx1 = 785, value = 786, diff = 1
	new running sum = 768
idx1 = 786, value = 788, diff = 2
	new running sum = 770
idx1 = 787, value = 789, diff = 2
	new running sum = 772
idx1 = 788, value = 787, diff = -1
	new running sum = 772
idx1 = 789, value = 790, diff = 1
	new running sum = 773
idx1 = 790, value = 785, diff = -5
	jumped_value increment
	new running sum = 774
idx1 = 791, value = 793, diff = 2
	new running sum = 776
idx1 = 792, value = 791, diff = -1
	new running sum = 776
idx1 = 793, value = 792, diff = -1
	new running sum = 776
idx1 = 794, value = 796, diff = 2
	new running sum = 778
idx1 = 795, value = 795, diff = 0
	new running sum = 778
idx1 = 796, value = 794, diff = -2
	jumped_value increment
	new running sum = 779
idx1 = 797, value = 798, diff = 1
	new running sum = 780
idx1 = 798, value = 797, diff = -1
	new running sum = 780
idx1 = 799, value = 801, diff = 2
	new running sum = 782
idx1 = 800, value = 799, diff = -1
	new running sum = 782
idx1 = 801, value = 803, diff = 2
	new running sum = 784
idx1 = 802, value = 800, diff = -2
	new running sum = 784
idx1 = 803, value = 805, diff = 2
	new running sum = 786
idx1 = 804, value = 802, diff = -2
	new running sum = 786
idx1 = 805, value = 804, diff = -1
	new running sum = 786
idx1 = 806, value = 808, diff = 2
	new running sum = 788
idx1 = 807, value = 806, diff = -1
	new running sum = 788
idx1 = 808, value = 807, diff = -1
	new running sum = 788
idx1 = 809, value = 811, diff = 2
	new running sum = 790
idx1 = 810, value = 809, diff = -1
	new running sum = 790
idx1 = 811, value = 810, diff = -1
	new running sum = 790
idx1 = 812, value = 814, diff = 2
	new running sum = 792
idx1 = 813, value = 812, diff = -1
	new running sum = 792
idx1 = 814, value = 813, diff = -1
	new running sum = 792
idx1 = 815, value = 817, diff = 2
	new running sum = 794
idx1 = 816, value = 816, diff = 0
	new running sum = 794
idx1 = 817, value = 819, diff = 2
	new running sum = 796
idx1 = 818, value = 818, diff = 0
	new running sum = 796
idx1 = 819, value = 815, diff = -4
	jumped_value increment
	jumped_value increment
	new running sum = 798
idx1 = 820, value = 820, diff = 0
	new running sum = 798
idx1 = 821, value = 821, diff = 0
	new running sum = 798
idx1 = 822, value = 823, diff = 1
	new running sum = 799
idx1 = 823, value = 822, diff = -1
	new running sum = 799
idx1 = 824, value = 824, diff = 0
	new running sum = 799
idx1 = 825, value = 826, diff = 1
	new running sum = 800
idx1 = 826, value = 827, diff = 1
	new running sum = 801
idx1 = 827, value = 825, diff = -2
	new running sum = 801
idx1 = 828, value = 828, diff = 0
	new running sum = 801
idx1 = 829, value = 831, diff = 2
	new running sum = 803
idx1 = 830, value = 829, diff = -1
	new running sum = 803
idx1 = 831, value = 830, diff = -1
	new running sum = 803
idx1 = 832, value = 834, diff = 2
	new running sum = 805
idx1 = 833, value = 833, diff = 0
	new running sum = 805
idx1 = 834, value = 836, diff = 2
	new running sum = 807
idx1 = 835, value = 832, diff = -3
	jumped_value increment
	new running sum = 808
idx1 = 836, value = 837, diff = 1
	new running sum = 809
idx1 = 837, value = 839, diff = 2
	new running sum = 811
idx1 = 838, value = 838, diff = 0
	new running sum = 811
idx1 = 839, value = 841, diff = 2
	new running sum = 813
idx1 = 840, value = 835, diff = -5
	jumped_value increment
	new running sum = 814
idx1 = 841, value = 840, diff = -1
	new running sum = 814
idx1 = 842, value = 844, diff = 2
	new running sum = 816
idx1 = 843, value = 842, diff = -1
	new running sum = 816
idx1 = 844, value = 846, diff = 2
	new running sum = 818
idx1 = 845, value = 845, diff = 0
	new running sum = 818
idx1 = 846, value = 843, diff = -3
	jumped_value increment
	new running sum = 819
idx1 = 847, value = 849, diff = 2
	new running sum = 821
idx1 = 848, value = 847, diff = -1
	new running sum = 821
idx1 = 849, value = 851, diff = 2
	new running sum = 823
idx1 = 850, value = 850, diff = 0
	new running sum = 823
idx1 = 851, value = 852, diff = 1
	new running sum = 824
idx1 = 852, value = 848, diff = -4
	jumped_value increment
	new running sum = 825
idx1 = 853, value = 855, diff = 2
	new running sum = 827
idx1 = 854, value = 854, diff = 0
	new running sum = 827
idx1 = 855, value = 853, diff = -2
	jumped_value increment
	new running sum = 828
idx1 = 856, value = 857, diff = 1
	new running sum = 829
idx1 = 857, value = 856, diff = -1
	new running sum = 829
idx1 = 858, value = 858, diff = 0
	new running sum = 829
idx1 = 859, value = 861, diff = 2
	new running sum = 831
idx1 = 860, value = 862, diff = 2
	new running sum = 833
idx1 = 861, value = 860, diff = -1
	new running sum = 833
idx1 = 862, value = 859, diff = -3
	jumped_value increment
	new running sum = 834
idx1 = 863, value = 863, diff = 0
	new running sum = 834
idx1 = 864, value = 866, diff = 2
	new running sum = 836
idx1 = 865, value = 865, diff = 0
	new running sum = 836
idx1 = 866, value = 864, diff = -2
	jumped_value increment
	new running sum = 837
idx1 = 867, value = 867, diff = 0
	new running sum = 837
idx1 = 868, value = 870, diff = 2
	new running sum = 839
idx1 = 869, value = 869, diff = 0
	new running sum = 839
idx1 = 870, value = 868, diff = -2
	jumped_value increment
	new running sum = 840
idx1 = 871, value = 872, diff = 1
	new running sum = 841
idx1 = 872, value = 874, diff = 2
	new running sum = 843
idx1 = 873, value = 875, diff = 2
	new running sum = 845
idx1 = 874, value = 871, diff = -3
	new running sum = 845
idx1 = 875, value = 873, diff = -2
	new running sum = 845
idx1 = 876, value = 877, diff = 1
	new running sum = 846
idx1 = 877, value = 878, diff = 1
	new running sum = 847
idx1 = 878, value = 876, diff = -2
	new running sum = 847
idx1 = 879, value = 880, diff = 1
	new running sum = 848
idx1 = 880, value = 881, diff = 1
	new running sum = 849
idx1 = 881, value = 879, diff = -2
	new running sum = 849
idx1 = 882, value = 884, diff = 2
	new running sum = 851
idx1 = 883, value = 883, diff = 0
	new running sum = 851
idx1 = 884, value = 885, diff = 1
	new running sum = 852
idx1 = 885, value = 882, diff = -3
	jumped_value increment
	new running sum = 853
idx1 = 886, value = 888, diff = 2
	new running sum = 855
idx1 = 887, value = 886, diff = -1
	new running sum = 855
idx1 = 888, value = 890, diff = 2
	new running sum = 857
idx1 = 889, value = 891, diff = 2
	new running sum = 859
idx1 = 890, value = 889, diff = -1
	new running sum = 859
idx1 = 891, value = 893, diff = 2
	new running sum = 861
idx1 = 892, value = 887, diff = -5
	jumped_value increment
	new running sum = 862
idx1 = 893, value = 895, diff = 2
	new running sum = 864
idx1 = 894, value = 892, diff = -2
	new running sum = 864
idx1 = 895, value = 896, diff = 1
	new running sum = 865
idx1 = 896, value = 898, diff = 2
	new running sum = 867
idx1 = 897, value = 894, diff = -3
	new running sum = 867
idx1 = 898, value = 899, diff = 1
	new running sum = 868
idx1 = 899, value = 897, diff = -2
	new running sum = 868
idx1 = 900, value = 902, diff = 2
	new running sum = 870
idx1 = 901, value = 901, diff = 0
	new running sum = 870
idx1 = 902, value = 903, diff = 1
	new running sum = 871
idx1 = 903, value = 905, diff = 2
	new running sum = 873
idx1 = 904, value = 900, diff = -4
	jumped_value increment
	new running sum = 874
idx1 = 905, value = 904, diff = -1
	new running sum = 874
idx1 = 906, value = 908, diff = 2
	new running sum = 876
idx1 = 907, value = 907, diff = 0
	new running sum = 876
idx1 = 908, value = 910, diff = 2
	new running sum = 878
idx1 = 909, value = 909, diff = 0
	new running sum = 878
idx1 = 910, value = 906, diff = -4
	jumped_value increment
	jumped_value increment
	new running sum = 880
idx1 = 911, value = 912, diff = 1
	new running sum = 881
idx1 = 912, value = 911, diff = -1
	new running sum = 881
idx1 = 913, value = 915, diff = 2
	new running sum = 883
idx1 = 914, value = 913, diff = -1
	new running sum = 883
idx1 = 915, value = 916, diff = 1
	new running sum = 884
idx1 = 916, value = 918, diff = 2
	new running sum = 886
idx1 = 917, value = 914, diff = -3
	new running sum = 886
idx1 = 918, value = 919, diff = 1
	new running sum = 887
idx1 = 919, value = 921, diff = 2
	new running sum = 889
idx1 = 920, value = 917, diff = -3
	new running sum = 889
idx1 = 921, value = 923, diff = 2
	new running sum = 891
idx1 = 922, value = 920, diff = -2
	new running sum = 891
idx1 = 923, value = 924, diff = 1
	new running sum = 892
idx1 = 924, value = 922, diff = -2
	new running sum = 892
idx1 = 925, value = 927, diff = 2
	new running sum = 894
idx1 = 926, value = 925, diff = -1
	new running sum = 894
idx1 = 927, value = 929, diff = 2
	new running sum = 896
idx1 = 928, value = 928, diff = 0
	new running sum = 896
idx1 = 929, value = 926, diff = -3
	jumped_value increment
	new running sum = 897
idx1 = 930, value = 932, diff = 2
	new running sum = 899
idx1 = 931, value = 931, diff = 0
	new running sum = 899
idx1 = 932, value = 934, diff = 2
	new running sum = 901
idx1 = 933, value = 930, diff = -3
	jumped_value increment
	new running sum = 902
idx1 = 934, value = 933, diff = -1
	new running sum = 902
idx1 = 935, value = 935, diff = 0
	new running sum = 902
idx1 = 936, value = 937, diff = 1
	new running sum = 903
idx1 = 937, value = 939, diff = 2
	new running sum = 905
idx1 = 938, value = 940, diff = 2
	new running sum = 907
idx1 = 939, value = 938, diff = -1
	new running sum = 907
idx1 = 940, value = 936, diff = -4
	jumped_value increment
	new running sum = 908
idx1 = 941, value = 943, diff = 2
	new running sum = 910
idx1 = 942, value = 944, diff = 2
	new running sum = 912
idx1 = 943, value = 942, diff = -1
	new running sum = 912
idx1 = 944, value = 941, diff = -3
	jumped_value increment
	new running sum = 913
idx1 = 945, value = 947, diff = 2
	new running sum = 915
idx1 = 946, value = 946, diff = 0
	new running sum = 915
idx1 = 947, value = 948, diff = 1
	new running sum = 916
idx1 = 948, value = 945, diff = -3
	jumped_value increment
	new running sum = 917
idx1 = 949, value = 951, diff = 2
	new running sum = 919
idx1 = 950, value = 950, diff = 0
	new running sum = 919
idx1 = 951, value = 949, diff = -2
	jumped_value increment
	new running sum = 920
idx1 = 952, value = 953, diff = 1
	new running sum = 921
idx1 = 953, value = 952, diff = -1
	new running sum = 921
idx1 = 954, value = 956, diff = 2
	new running sum = 923
idx1 = 955, value = 954, diff = -1
	new running sum = 923
idx1 = 956, value = 958, diff = 2
	new running sum = 925
idx1 = 957, value = 957, diff = 0
	new running sum = 925
idx1 = 958, value = 955, diff = -3
	jumped_value increment
	new running sum = 926
idx1 = 959, value = 961, diff = 2
	new running sum = 928
idx1 = 960, value = 962, diff = 2
	new running sum = 930
idx1 = 961, value = 963, diff = 2
	new running sum = 932
idx1 = 962, value = 959, diff = -3
	new running sum = 932
idx1 = 963, value = 964, diff = 1
	new running sum = 933
idx1 = 964, value = 966, diff = 2
	new running sum = 935
idx1 = 965, value = 960, diff = -5
	new running sum = 935
idx1 = 966, value = 965, diff = -1
	new running sum = 935
idx1 = 967, value = 969, diff = 2
	new running sum = 937
idx1 = 968, value = 968, diff = 0
	new running sum = 937
idx1 = 969, value = 971, diff = 2
	new running sum = 939
idx1 = 970, value = 967, diff = -3
	jumped_value increment
	new running sum = 940
idx1 = 971, value = 970, diff = -1
	new running sum = 940
idx1 = 972, value = 974, diff = 2
	new running sum = 942
idx1 = 973, value = 972, diff = -1
	new running sum = 942
idx1 = 974, value = 976, diff = 2
	new running sum = 944
idx1 = 975, value = 973, diff = -2
	new running sum = 944
idx1 = 976, value = 975, diff = -1
	new running sum = 944
idx1 = 977, value = 979, diff = 2
	new running sum = 946
idx1 = 978, value = 977, diff = -1
	new running sum = 946
idx1 = 979, value = 981, diff = 2
	new running sum = 948
idx1 = 980, value = 982, diff = 2
	new running sum = 950
idx1 = 981, value = 978, diff = -3
	new running sum = 950
idx1 = 982, value = 980, diff = -2
	new running sum = 950
idx1 = 983, value = 983, diff = 0
	new running sum = 950
idx1 = 984, value = 986, diff = 2
	new running sum = 952
idx1 = 985, value = 984, diff = -1
	new running sum = 952
idx1 = 986, value = 985, diff = -1
	new running sum = 952
idx1 = 987, value = 989, diff = 2
	new running sum = 954
idx1 = 988, value = 988, diff = 0
	new running sum = 954
idx1 = 989, value = 987, diff = -2
	jumped_value increment
	new running sum = 955
idx1 = 990, value = 990, diff = 0
	new running sum = 955
idx1 = 991, value = 993, diff = 2
	new running sum = 957
idx1 = 992, value = 991, diff = -1
	new running sum = 957
idx1 = 993, value = 995, diff = 2
	new running sum = 959
idx1 = 994, value = 994, diff = 0
	new running sum = 959
idx1 = 995, value = 997, diff = 2
	new running sum = 961
idx1 = 996, value = 992, diff = -4
	jumped_value increment
	new running sum = 962
idx1 = 997, value = 999, diff = 2
	new running sum = 964
idx1 = 998, value = 1000, diff = 2
	new running sum = 966
idx1 = 999, value = 996, diff = -3
	new running sum = 966
idx1 = 1000, value = 998, diff = -2
	new running sum = 966
966
